2013-10-07 22:50:25.308 CoenraetsTutorial[1796:a0b] Multi-tasking -> Device: YES, App: YES
2013-10-07 22:50:25.728 CoenraetsTutorial[1796:a0b] ERROR: Start Page at 'www/index.html' was not found.
2013-10-07 22:50:26.548 CoenraetsTutorial[1796:a0b] Resetting plugins due to page load.
2013-10-07 22:50:26.699 CoenraetsTutorial[1796:a0b] Finished load of: about:blank
2013-10-07 22:53:33.350 CoenraetsTutorial[2111:a0b] Multi-tasking -> Device: YES, App: YES
2013-10-07 22:53:33.475 CoenraetsTutorial[2111:a0b] Resetting plugins due to page load.
2013-10-07 22:53:34.154 CoenraetsTutorial[2111:a0b] Finished load of: file:///Users/jonathan/Library/Application%20Support/iPhone%20Simulator/7.0/Applications/F628A545-E80F-437D-8F77-2E4DDBFCE56A/CoenraetsTutorial.app/www/index.html
2013-10-07 23:22:13.909 CoenraetsTutorial[2743:a0b] Multi-tasking -> Device: YES, App: YES
2013-10-07 23:22:14.033 CoenraetsTutorial[2743:a0b] Resetting plugins due to page load.
2013-10-07 23:22:22.920 CoenraetsTutorial[2743:a0b] Finished load of: file:///Users/jonathan/Library/Application%20Support/iPhone%20Simulator/7.0/Applications/F628A545-E80F-437D-8F77-2E4DDBFCE56A/CoenraetsTutorial.app/www/index.html
2013-10-07 23:43:16.243 CoenraetsTutorial[3270:a0b] Multi-tasking -> Device: YES, App: YES
2013-10-07 23:43:16.333 CoenraetsTutorial[3270:a0b] Resetting plugins due to page load.
2013-10-07 23:43:16.378 CoenraetsTutorial[3270:a0b] Finished load of: file:///Users/jonathan/Library/Application%20Support/iPhone%20Simulator/7.0/Applications/F628A545-E80F-437D-8F77-2E4DDBFCE56A/CoenraetsTutorial.app/www/index.html
2013-10-07 23:44:40.140 CoenraetsTutorial[3548:a0b] Multi-tasking -> Device: YES, App: YES
2013-10-07 23:44:40.252 CoenraetsTutorial[3548:a0b] Resetting plugins due to page load.
2013-10-07 23:44:40.313 CoenraetsTutorial[3548:a0b] Finished load of: file:///Users/jonathan/Library/Application%20Support/iPhone%20Simulator/7.0/Applications/F628A545-E80F-437D-8F77-2E4DDBFCE56A/CoenraetsTutorial.app/www/index.html
2013-10-07 23:58:52.690 CoenraetsTutorial[3988:a0b] Multi-tasking -> Device: YES, App: YES
2013-10-07 23:58:52.767 CoenraetsTutorial[3988:a0b] Resetting plugins due to page load.
2013-10-07 23:58:52.818 CoenraetsTutorial[3988:a0b] Finished load of: file:///Users/jonathan/Library/Application%20Support/iPhone%20Simulator/7.0/Applications/F628A545-E80F-437D-8F77-2E4DDBFCE56A/CoenraetsTutorial.app/www/index.html
2013-10-08 00:05:56.782 CoenraetsTutorial[4364:a0b] Multi-tasking -> Device: YES, App: YES
2013-10-08 00:05:56.860 CoenraetsTutorial[4364:a0b] Resetting plugins due to page load.
2013-10-08 00:05:56.914 CoenraetsTutorial[4364:a0b] Finished load of: file:///Users/jonathan/Library/Application%20Support/iPhone%20Simulator/7.0/Applications/F628A545-E80F-437D-8F77-2E4DDBFCE56A/CoenraetsTutorial.app/www/index.html
2013-10-08 00:11:07.866 CoenraetsTutorial[4713:a0b] Multi-tasking -> Device: YES, App: YES
2013-10-08 00:11:07.963 CoenraetsTutorial[4713:a0b] Resetting plugins due to page load.
2013-10-08 00:11:09.549 CoenraetsTutorial[4713:a0b] Finished load of: file:///Users/jonathan/Library/Application%20Support/iPhone%20Simulator/7.0/Applications/F628A545-E80F-437D-8F77-2E4DDBFCE56A/CoenraetsTutorial.app/www/index.html
2013-10-08 00:15:20.502 CoenraetsTutorial[5033:a0b] Multi-tasking -> Device: YES, App: YES
2013-10-08 00:15:20.631 CoenraetsTutorial[5033:a0b] Resetting plugins due to page load.
2013-10-08 00:15:20.698 CoenraetsTutorial[5033:a0b] Finished load of: file:///Users/jonathan/Library/Application%20Support/iPhone%20Simulator/7.0/Applications/F628A545-E80F-437D-8F77-2E4DDBFCE56A/CoenraetsTutorial.app/www/index.html
2013-10-08 00:16:00.573 CoenraetsTutorial[5308:a0b] Multi-tasking -> Device: YES, App: YES
2013-10-08 00:16:00.701 CoenraetsTutorial[5308:a0b] Resetting plugins due to page load.
2013-10-08 00:16:00.765 CoenraetsTutorial[5308:a0b] Finished load of: file:///Users/jonathan/Library/Application%20Support/iPhone%20Simulator/7.0/Applications/F628A545-E80F-437D-8F77-2E4DDBFCE56A/CoenraetsTutorial.app/www/index.html
2013-10-08 00:16:49.277 CoenraetsTutorial[5587:a0b] Multi-tasking -> Device: YES, App: YES
2013-10-08 00:16:49.376 CoenraetsTutorial[5587:a0b] Resetting plugins due to page load.
2013-10-08 00:16:49.435 CoenraetsTutorial[5587:a0b] Finished load of: file:///Users/jonathan/Library/Application%20Support/iPhone%20Simulator/7.0/Applications/F628A545-E80F-437D-8F77-2E4DDBFCE56A/CoenraetsTutorial.app/www/index.html
2013-10-08 00:17:19.170 CoenraetsTutorial[5858:a0b] Multi-tasking -> Device: YES, App: YES
2013-10-08 00:17:19.290 CoenraetsTutorial[5858:a0b] Resetting plugins due to page load.
2013-10-08 00:17:19.368 CoenraetsTutorial[5858:a0b] Finished load of: file:///Users/jonathan/Library/Application%20Support/iPhone%20Simulator/7.0/Applications/F628A545-E80F-437D-8F77-2E4DDBFCE56A/CoenraetsTutorial.app/www/index.html
2013-10-08 00:19:28.286 CoenraetsTutorial[6154:a0b] Multi-tasking -> Device: YES, App: YES
2013-10-08 00:19:28.413 CoenraetsTutorial[6154:a0b] Resetting plugins due to page load.
2013-10-08 00:19:28.486 CoenraetsTutorial[6154:a0b] Finished load of: file:///Users/jonathan/Library/Application%20Support/iPhone%20Simulator/7.0/Applications/F628A545-E80F-437D-8F77-2E4DDBFCE56A/CoenraetsTutorial.app/www/index.html
2013-10-08 00:20:43.245 CoenraetsTutorial[6437:a0b] Multi-tasking -> Device: YES, App: YES
2013-10-08 00:20:43.378 CoenraetsTutorial[6437:a0b] Resetting plugins due to page load.
2013-10-08 00:20:43.451 CoenraetsTutorial[6437:a0b] Finished load of: file:///Users/jonathan/Library/Application%20Support/iPhone%20Simulator/7.0/Applications/F628A545-E80F-437D-8F77-2E4DDBFCE56A/CoenraetsTutorial.app/www/index.html
2013-10-08 00:28:05.632 CoenraetsTutorial[7049:a0b] Multi-tasking -> Device: YES, App: YES
2013-10-08 00:28:05.767 CoenraetsTutorial[7049:a0b] Resetting plugins due to page load.
2013-10-08 00:28:05.831 CoenraetsTutorial[7049:a0b] Finished load of: file:///Users/jonathan/Library/Application%20Support/iPhone%20Simulator/7.0/Applications/F628A545-E80F-437D-8F77-2E4DDBFCE56A/CoenraetsTutorial.app/www/index.html
2013-10-08 00:31:11.332 CoenraetsTutorial[7360:a0b] Multi-tasking -> Device: YES, App: YES
2013-10-08 00:31:11.473 CoenraetsTutorial[7360:a0b] Resetting plugins due to page load.
2013-10-08 00:31:11.537 CoenraetsTutorial[7360:a0b] Finished load of: file:///Users/jonathan/Library/Application%20Support/iPhone%20Simulator/7.0/Applications/F628A545-E80F-437D-8F77-2E4DDBFCE56A/CoenraetsTutorial.app/www/index.html
2013-10-08 00:31:38.614 CoenraetsTutorial[7632:a0b] Multi-tasking -> Device: YES, App: YES
2013-10-08 00:31:38.747 CoenraetsTutorial[7632:a0b] Resetting plugins due to page load.
2013-10-08 00:31:38.815 CoenraetsTutorial[7632:a0b] Finished load of: file:///Users/jonathan/Library/Application%20Support/iPhone%20Simulator/7.0/Applications/F628A545-E80F-437D-8F77-2E4DDBFCE56A/CoenraetsTutorial.app/www/index.html
2013-10-08 00:32:14.928 CoenraetsTutorial[7904:a0b] Multi-tasking -> Device: YES, App: YES
2013-10-08 00:32:15.071 CoenraetsTutorial[7904:a0b] Resetting plugins due to page load.
2013-10-08 00:32:15.138 CoenraetsTutorial[7904:a0b] Finished load of: file:///Users/jonathan/Library/Application%20Support/iPhone%20Simulator/7.0/Applications/F628A545-E80F-437D-8F77-2E4DDBFCE56A/CoenraetsTutorial.app/www/index.html
2013-10-08 00:43:45.769 CoenraetsTutorial[8331:a0b] Multi-tasking -> Device: YES, App: YES
2013-10-08 00:43:45.851 CoenraetsTutorial[8331:a0b] Resetting plugins due to page load.
2013-10-08 00:43:45.910 CoenraetsTutorial[8331:a0b] Finished load of: file:///Users/jonathan/Library/Application%20Support/iPhone%20Simulator/7.0/Applications/F628A545-E80F-437D-8F77-2E4DDBFCE56A/CoenraetsTutorial.app/www/index.html
2013-10-08 00:44:19.848 CoenraetsTutorial[8603:a0b] Multi-tasking -> Device: YES, App: YES
2013-10-08 00:44:20.014 CoenraetsTutorial[8603:a0b] Resetting plugins due to page load.
2013-10-08 00:44:20.099 CoenraetsTutorial[8603:a0b] Finished load of: file:///Users/jonathan/Library/Application%20Support/iPhone%20Simulator/7.0/Applications/F628A545-E80F-437D-8F77-2E4DDBFCE56A/CoenraetsTutorial.app/www/index.html
